Replace Part C1 K10-17_75 in D:\ALTIUM\BDI\vg93.SCHDOC with K10-17_75 from Pentagon.SchLib
Replace Part C2 K10-17_75 in D:\ALTIUM\BDI\vg93.SCHDOC with K10-17_75 from Pentagon.SchLib
Replace Part C3 K10-17_75 in D:\ALTIUM\BDI\vg93.SCHDOC with K10-17_75 from Pentagon.SchLib
Replace Part C4 K10-17_75 in D:\ALTIUM\BDI\vg93.SCHDOC with K10-17_75 from Pentagon.SchLib
Replace Part C5 K10-17_75 in D:\ALTIUM\BDI\vg93.SCHDOC with K10-17_75 from Pentagon.SchLib
Replace Part C20 K10-17_75 in D:\ALTIUM\BDI\vg93.SCHDOC with K10-17_75 from Pentagon.SchLib
Replace Part DD75 1533LA2 in D:\ALTIUM\BDI\vg93.SCHDOC with 1533LA2 from Pentagon.SchLib
Replace Part DD76 1533TM2 in D:\ALTIUM\BDI\vg93.SCHDOC with 1533TM2 from Pentagon.SchLib
Replace Part DD76 1533TM2 in D:\ALTIUM\BDI\vg93.SCHDOC with 1533TM2 from Pentagon.SchLib
Replace Part DD77 1533LL1 in D:\ALTIUM\BDI\vg93.SCHDOC with 1533LL1 from Pentagon.SchLib
Replace Part DD77 1533LL1 in D:\ALTIUM\BDI\vg93.SCHDOC with 1533LL1 from Pentagon.SchLib
Replace Part DD77 1533LL1 in D:\ALTIUM\BDI\vg93.SCHDOC with 1533LL1 from Pentagon.SchLib
Replace Part DD77 1533LL1 in D:\ALTIUM\BDI\vg93.SCHDOC with 1533LL1 from Pentagon.SchLib
Replace Part DD78 1533AG3 in D:\ALTIUM\BDI\vg93.SCHDOC with 1533AG3 from Pentagon.SchLib
Replace Part DD78 1533AG3 in D:\ALTIUM\BDI\vg93.SCHDOC with 1533AG3 from Pentagon.SchLib
Replace Part DD82 1533LI1 in D:\ALTIUM\BDI\vg93.SCHDOC with 1533LI1 from Pentagon.SchLib
Replace Part DD82 1533LI1 in D:\ALTIUM\BDI\vg93.SCHDOC with 1533LI1 from Pentagon.SchLib
Replace Part DD82 1533LI1 in D:\ALTIUM\BDI\vg93.SCHDOC with 1533LI1 from Pentagon.SchLib
Replace Part DD83 1533LL1 in D:\ALTIUM\BDI\vg93.SCHDOC with 1533LL1 from Pentagon.SchLib
Replace Part DD83 1533LL1 in D:\ALTIUM\BDI\vg93.SCHDOC with 1533LL1 from Pentagon.SchLib
Replace Part DD83 1533LL1 in D:\ALTIUM\BDI\vg93.SCHDOC with 1533LL1 from Pentagon.SchLib
Replace Part DD83 1533LL1 in D:\ALTIUM\BDI\vg93.SCHDOC with 1533LL1 from Pentagon.SchLib
Replace Part DD84 1533LN1 in D:\ALTIUM\BDI\vg93.SCHDOC with 1533LN1 from Pentagon.SchLib
Replace Part DD84 1533LN1 in D:\ALTIUM\BDI\vg93.SCHDOC with 1533LN1 from Pentagon.SchLib
Replace Part DD84 1533LN1 in D:\ALTIUM\BDI\vg93.SCHDOC with 1533LN1 from Pentagon.SchLib
Replace Part DD84 1533LN1 in D:\ALTIUM\BDI\vg93.SCHDOC with 1533LN1 from Pentagon.SchLib
Replace Part DD85 1533LL1 in D:\ALTIUM\BDI\vg93.SCHDOC with 1533LL1 from Pentagon.SchLib
Replace Part DD85 1533LL1 in D:\ALTIUM\BDI\vg93.SCHDOC with 1533LL1 from Pentagon.SchLib
Replace Part DD85 1533LL1 in D:\ALTIUM\BDI\vg93.SCHDOC with 1533LL1 from Pentagon.SchLib
Replace Part DD86 1533LN1 in D:\ALTIUM\BDI\vg93.SCHDOC with 1533LN1 from Pentagon.SchLib
Replace Part DD86 1533LN1 in D:\ALTIUM\BDI\vg93.SCHDOC with 1533LN1 from Pentagon.SchLib
Replace Part DD86 1533LN1 in D:\ALTIUM\BDI\vg93.SCHDOC with 1533LN1 from Pentagon.SchLib
Replace Part DD86 1533LN1 in D:\ALTIUM\BDI\vg93.SCHDOC with 1533LN1 from Pentagon.SchLib
Replace Part DD88 1533TM9 in D:\ALTIUM\BDI\vg93.SCHDOC with 1533TM9 from Pentagon.SchLib
Replace Part DD89 1533ID4 in D:\ALTIUM\BDI\vg93.SCHDOC with 1533ID4 from Pentagon.SchLib
Replace Part DD90 1818VG93 in D:\ALTIUM\BDI\vg93.SCHDOC with 1818VG93 from Pentagon.SchLib
Replace Part DD91 155LP11 in D:\ALTIUM\BDI\vg93.SCHDOC with 155LP11 from Pentagon.SchLib
Replace Part DD91 155LP11 in D:\ALTIUM\BDI\vg93.SCHDOC with 155LP11 from Pentagon.SchLib
Replace Part DD92 1533TM2 in D:\ALTIUM\BDI\vg93.SCHDOC with 1533TM2 from Pentagon.SchLib
Replace Part DD92 1533TM2 in D:\ALTIUM\BDI\vg93.SCHDOC with 1533TM2 from Pentagon.SchLib
Replace Part DD93 1533IE10 in D:\ALTIUM\BDI\vg93.SCHDOC with 1533IE10 from Pentagon.SchLib
Replace Part DD94 1533LN2 in D:\ALTIUM\BDI\vg93.SCHDOC with 1533LN2 from Pentagon.SchLib
Replace Part DD94 1533LN2 in D:\ALTIUM\BDI\vg93.SCHDOC with 1533LN2 from Pentagon.SchLib
Replace Part DD94 1533LN2 in D:\ALTIUM\BDI\vg93.SCHDOC with 1533LN2 from Pentagon.SchLib
Replace Part DD94 1533LN2 in D:\ALTIUM\BDI\vg93.SCHDOC with 1533LN2 from Pentagon.SchLib
Replace Part DD94 1533LN2 in D:\ALTIUM\BDI\vg93.SCHDOC with 1533LN2 from Pentagon.SchLib
Replace Part DD95 155LP9 in D:\ALTIUM\BDI\vg93.SCHDOC with 155LP9 from Pentagon.SchLib
Replace Part DD95 155LP9 in D:\ALTIUM\BDI\vg93.SCHDOC with 155LP9 from Pentagon.SchLib
Replace Part DD95 155LP9 in D:\ALTIUM\BDI\vg93.SCHDOC with 155LP9 from Pentagon.SchLib
Replace Part DD95 155LP9 in D:\ALTIUM\BDI\vg93.SCHDOC with 155LP9 from Pentagon.SchLib
Replace Part DD95 155LP9 in D:\ALTIUM\BDI\vg93.SCHDOC with 155LP9 from Pentagon.SchLib
Replace Part DD96 555IR16 in D:\ALTIUM\BDI\vg93.SCHDOC with 555IR16 from Pentagon.SchLib
Replace Part DD98 1533ID4 in D:\ALTIUM\BDI\vg93.SCHDOC with 1533ID4 from Pentagon.SchLib
Replace Part R1 R0125-2_5 in D:\ALTIUM\BDI\vg93.SCHDOC with R0125-2_5 from Pentagon.SchLib
Replace Part R2 R0125-2_5 in D:\ALTIUM\BDI\vg93.SCHDOC with R0125-2_5 from Pentagon.SchLib
Replace Part R3 R0125-2_5 in D:\ALTIUM\BDI\vg93.SCHDOC with R0125-2_5 from Pentagon.SchLib
Replace Part R4 R0125-2_5 in D:\ALTIUM\BDI\vg93.SCHDOC with R0125-2_5 from Pentagon.SchLib
Replace Part R5 R0125-2_5 in D:\ALTIUM\BDI\vg93.SCHDOC with R0125-2_5 from Pentagon.SchLib
Replace Part R6 R0125-2_5 in D:\ALTIUM\BDI\vg93.SCHDOC with R0125-2_5 from Pentagon.SchLib
Replace Part R7 R0125-2_5 in D:\ALTIUM\BDI\vg93.SCHDOC with R0125-2_5 from Pentagon.SchLib
Replace Part R8 R0125-2_5 in D:\ALTIUM\BDI\vg93.SCHDOC with R0125-2_5 from Pentagon.SchLib
Replace Part R9 R0125-2_5 in D:\ALTIUM\BDI\vg93.SCHDOC with R0125-2_5 from Pentagon.SchLib
Replace Part R10 R0125-2_5 in D:\ALTIUM\BDI\vg93.SCHDOC with R0125-2_5 from Pentagon.SchLib
Replace Part R11 R0125-2_5 in D:\ALTIUM\BDI\vg93.SCHDOC with R0125-2_5 from Pentagon.SchLib
Replace Part R12 R0125-2_5 in D:\ALTIUM\BDI\vg93.SCHDOC with R0125-2_5 from Pentagon.SchLib
Replace Part R13 R0125-2_5 in D:\ALTIUM\BDI\vg93.SCHDOC with R0125-2_5 from Pentagon.SchLib
Replace Part VD1 KD522-2_5 in D:\ALTIUM\BDI\vg93.SCHDOC with KD522-2_5 from Pentagon.SchLib
Replace Part VD2 KD522-2_5 in D:\ALTIUM\BDI\vg93.SCHDOC with KD522-2_5 from Pentagon.SchLib
Replace Part ZQ2 RK169MD-R in D:\ALTIUM\BDI\vg93.SCHDOC with RK169MD-R from Pentagon.SchLib
