Change Component Designator: Old Designator=C1 New Designator=C6
Change Component Designator: Old Designator=C3 New Designator=C1
Change Component Designator: Old Designator=C4 New Designator=C5
Change Component Designator: Old Designator=C5 New Designator=C4
Change Component Designator: Old Designator=C20 New Designator=C3
Change Component Designator: Old Designator=DD75 New Designator=DD7
Change Component Designator: Old Designator=DD76 New Designator=DD10
Change Component Designator: Old Designator=DD76 New Designator=DD10
Change Component Designator: Old Designator=DD77 New Designator=DD6
Change Component Designator: Old Designator=DD77 New Designator=DD6
Change Component Designator: Old Designator=DD77 New Designator=DD6
Change Component Designator: Old Designator=DD77 New Designator=DD6
Change Component Designator: Old Designator=DD78 New Designator=DD15
Change Component Designator: Old Designator=DD78 New Designator=DD15
Change Component Designator: Old Designator=DD82 New Designator=DD1
Change Component Designator: Old Designator=DD82 New Designator=DD1
Change Component Designator: Old Designator=DD82 New Designator=DD1
Change Component Designator: Old Designator=DD83 New Designator=DD4
Change Component Designator: Old Designator=DD83 New Designator=DD4
Change Component Designator: Old Designator=DD83 New Designator=DD4
Change Component Designator: Old Designator=DD83 New Designator=DD9
Change Component Designator: Old Designator=DD84 New Designator=DD3
Change Component Designator: Old Designator=DD84 New Designator=DD3
Change Component Designator: Old Designator=DD84 New Designator=DD11
Change Component Designator: Old Designator=DD84 New Designator=DD3
Change Component Designator: Old Designator=DD85 New Designator=DD9
Change Component Designator: Old Designator=DD85 New Designator=DD9
Change Component Designator: Old Designator=DD85 New Designator=DD4
Change Component Designator: Old Designator=DD86 New Designator=DD11
Change Component Designator: Old Designator=DD86 New Designator=DD3
Change Component Designator: Old Designator=DD86 New Designator=DD11
Change Component Designator: Old Designator=DD86 New Designator=DD3
Change Component Designator: Old Designator=DD88 New Designator=DD13
Change Component Designator: Old Designator=DD89 New Designator=DD17
Change Component Designator: Old Designator=DD90 New Designator=DD2
Change Component Designator: Old Designator=DD91 New Designator=DD19
Change Component Designator: Old Designator=DD91 New Designator=DD19
Change Component Designator: Old Designator=DD92 New Designator=DD20
Change Component Designator: Old Designator=DD92 New Designator=DD20
Change Component Designator: Old Designator=DD93 New Designator=DD18
Change Component Designator: Old Designator=DD94 New Designator=DD12
Change Component Designator: Old Designator=DD94 New Designator=DD12
Change Component Designator: Old Designator=DD94 New Designator=DD12
Change Component Designator: Old Designator=DD94 New Designator=DD12
Change Component Designator: Old Designator=DD94 New Designator=DD12
Change Component Designator: Old Designator=DD95 New Designator=DD16
Change Component Designator: Old Designator=DD95 New Designator=DD16
Change Component Designator: Old Designator=DD95 New Designator=DD16
Change Component Designator: Old Designator=DD95 New Designator=DD16
Change Component Designator: Old Designator=DD95 New Designator=DD16
Change Component Designator: Old Designator=DD96 New Designator=DD8
Change Component Designator: Old Designator=DD97 New Designator=DD5
Change Component Designator: Old Designator=DD97 New Designator=DD5
Change Component Designator: Old Designator=DD98 New Designator=DD14
Change Component Designator: Old Designator=R1 New Designator=R5
Change Component Designator: Old Designator=R2 New Designator=R6
Change Component Designator: Old Designator=R3 New Designator=R10
Change Component Designator: Old Designator=R4 New Designator=R11
Change Component Designator: Old Designator=R5 New Designator=R12
Change Component Designator: Old Designator=R6 New Designator=R13
Change Component Designator: Old Designator=R8 New Designator=R9
Change Component Designator: Old Designator=R9 New Designator=R8
Change Component Designator: Old Designator=R10 New Designator=R2
Change Component Designator: Old Designator=R11 New Designator=R4
Change Component Designator: Old Designator=R12 New Designator=R3
Change Component Designator: Old Designator=R13 New Designator=R1
Change Component Designator: Old Designator=VD1 New Designator=VD2
Change Component Designator: Old Designator=VD2 New Designator=VD1
Change Component Designator: Old Designator=ZQ2 New Designator=ZQ1
